# JRE version: Java(TM) SE Runtime Environment (17.0.6+9) (build 17.0.6+9-LTS-190)
# Java VM: Java HotSpot(TM) 64-Bit Server VM (17.0.6+9-LTS-190, mixed mode, sharing, tiered, compressed oops, compressed class ptrs, g1 gc, windows-amd64)
GC Precious Log:
 CPUs: 8 total, 8 available
 Memory: 8027M
 Large Page Support: Disabled
 NUMA Support: Disabled
 Compressed Oops: Enabled (32-bit)
 Heap Region Size: 1M
 Heap Min Capacity: 8M
 Heap Initial Capacity: 126M
 Heap Max Capacity: 2008M
 Pre-touch: Disabled
 Parallel Workers: 8
 Concurrent Workers: 2
 Concurrent Refinement Workers: 8
 Periodic GC: Disabled
Heap:
 garbage-first heap   total 184320K, used 44157K [0x0000000082800000, 0x0000000100000000)
  region size 1024K, 44 young (45056K), 3 survivors (3072K)
 Metaspace       used 5085K, committed 5248K, reserved 1056768K
  class space    used 646K, committed 704K, reserved 1048576K
GC Heap History (12 events):
Event: 0.632 GC heap before
{Heap before GC invocations=0 (full 0):
 garbage-first heap   total 129024K, used 24576K [0x0000000082800000, 0x0000000100000000)
  region size 1024K, 23 young (23552K), 0 survivors (0K)
 Metaspace       used 5059K, committed 5248K, reserved 1056768K
  class space    used 645K, committed 704K, reserved 1048576K
}
Event: 0.636 GC heap after
{Heap after GC invocations=1 (full 0):
 garbage-first heap   total 129024K, used 3072K [0x0000000082800000, 0x0000000100000000)
  region size 1024K, 2 young (2048K), 2 survivors (2048K)
 Metaspace       used 5059K, committed 5248K, reserved 1056768K
  class space    used 645K, committed 704K, reserved 1048576K
}
Event: 0.671 GC heap before
{Heap before GC invocations=1 (full 0):
 garbage-first heap   total 129024K, used 38912K [0x0000000082800000, 0x0000000100000000)
  region size 1024K, 37 young (37888K), 2 survivors (2048K)
 Metaspace       used 5061K, committed 5248K, reserved 1056768K
  class space    used 645K, committed 704K, reserved 1048576K
}
Event: 0.674 GC heap after
{Heap after GC invocations=2 (full 0):
 garbage-first heap   total 129024K, used 3072K [0x0000000082800000, 0x0000000100000000)
  region size 1024K, 2 young (2048K), 2 survivors (2048K)
 Metaspace       used 5061K, committed 5248K, reserved 1056768K
  class space    used 645K, committed 704K, reserved 1048576K
}
Event: 0.766 GC heap before
{Heap before GC invocations=2 (full 0):
 garbage-first heap   total 129024K, used 77824K [0x0000000082800000, 0x0000000100000000)
  region size 1024K, 75 young (76800K), 2 survivors (2048K)
 Metaspace       used 5083K, committed 5248K, reserved 1056768K
  class space    used 646K, committed 704K, reserved 1048576K
}
Event: 0.769 GC heap after
{Heap after GC invocations=3 (full 0):
 garbage-first heap   total 129024K, used 3198K [0x0000000082800000, 0x0000000100000000)
  region size 1024K, 3 young (3072K), 3 survivors (3072K)
 Metaspace       used 5083K, committed 5248K, reserved 1056768K
  class space    used 646K, committed 704K, reserved 1048576K
}
Event: 0.873 GC heap before
{Heap before GC invocations=3 (full 0):
 garbage-first heap   total 129024K, used 76926K [0x0000000082800000, 0x0000000100000000)
  region size 1024K, 75 young (76800K), 3 survivors (3072K)
 Metaspace       used 5084K, committed 5248K, reserved 1056768K
  class space    used 646K, committed 704K, reserved 1048576K
}
Event: 0.876 GC heap after
{Heap after GC invocations=4 (full 0):
 garbage-first heap   total 129024K, used 3072K [0x0000000082800000, 0x0000000100000000)
  region size 1024K, 2 young (2048K), 2 survivors (2048K)
 Metaspace       used 5084K, committed 5248K, reserved 1056768K
  class space    used 646K, committed 704K, reserved 1048576K
}
Event: 0.967 GC heap before
{Heap before GC invocations=4 (full 0):
 garbage-first heap   total 129024K, used 77824K [0x0000000082800000, 0x0000000100000000)
  region size 1024K, 75 young (76800K), 2 survivors (2048K)
 Metaspace       used 5084K, committed 5248K, reserved 1056768K
  class space    used 646K, committed 704K, reserved 1048576K
}
Event: 0.969 GC heap after
{Heap after GC invocations=5 (full 0):
 garbage-first heap   total 129024K, used 3072K [0x0000000082800000, 0x0000000100000000)
  region size 1024K, 2 young (2048K), 2 survivors (2048K)
 Metaspace       used 5084K, committed 5248K, reserved 1056768K
  class space    used 646K, committed 704K, reserved 1048576K
}
Event: 1.022 GC heap before
{Heap before GC invocations=5 (full 0):
 garbage-first heap   total 129024K, used 77824K [0x0000000082800000, 0x0000000100000000)
  region size 1024K, 75 young (76800K), 2 survivors (2048K)
 Metaspace       used 5084K, committed 5248K, reserved 1056768K
  class space    used 646K, committed 704K, reserved 1048576K
}
Event: 1.025 GC heap after
{Heap after GC invocations=6 (full 0):
 garbage-first heap   total 184320K, used 3197K [0x0000000082800000, 0x0000000100000000)
  region size 1024K, 3 young (3072K), 3 survivors (3072K)
 Metaspace       used 5084K, committed 5248K, reserved 1056768K
  class space    used 646K, committed 704K, reserved 1048576K
}

