# JRE version: Java(TM) SE Runtime Environment (17.0.6+9) (build 17.0.6+9-LTS-190)
# Java VM: Java HotSpot(TM) 64-Bit Server VM (17.0.6+9-LTS-190, mixed mode, sharing, tiered, compressed oops, compressed class ptrs, g1 gc, windows-amd64)
GC Precious Log:
 CPUs: 8 total, 8 available
 Memory: 8027M
 Large Page Support: Disabled
 NUMA Support: Disabled
 Compressed Oops: Enabled (32-bit)
 Heap Region Size: 1M
 Heap Min Capacity: 8M
 Heap Initial Capacity: 126M
 Heap Max Capacity: 2008M
 Pre-touch: Disabled
 Parallel Workers: 8
 Concurrent Workers: 2
 Concurrent Refinement Workers: 8
 Periodic GC: Disabled
Heap:
 garbage-first heap   total 188416K, used 57344K [0x0000000082800000, 0x0000000100000000)
  region size 1024K, 56 young (57344K), 2 survivors (2048K)
 Metaspace       used 5080K, committed 5248K, reserved 1056768K
  class space    used 645K, committed 704K, reserved 1048576K
GC Heap History (12 events):
Event: 0.618 GC heap before
{Heap before GC invocations=0 (full 0):
 garbage-first heap   total 129024K, used 24576K [0x0000000082800000, 0x0000000100000000)
  region size 1024K, 23 young (23552K), 0 survivors (0K)
 Metaspace       used 5053K, committed 5248K, reserved 1056768K
  class space    used 644K, committed 704K, reserved 1048576K
}
Event: 0.621 GC heap after
{Heap after GC invocations=1 (full 0):
 garbage-first heap   total 129024K, used 3157K [0x0000000082800000, 0x0000000100000000)
  region size 1024K, 3 young (3072K), 3 survivors (3072K)
 Metaspace       used 5053K, committed 5248K, reserved 1056768K
  class space    used 644K, committed 704K, reserved 1048576K
}
Event: 0.676 GC heap before
{Heap before GC invocations=1 (full 0):
 garbage-first heap   total 129024K, used 40021K [0x0000000082800000, 0x0000000100000000)
  region size 1024K, 39 young (39936K), 3 survivors (3072K)
 Metaspace       used 5056K, committed 5248K, reserved 1056768K
  class space    used 644K, committed 704K, reserved 1048576K
}
Event: 0.679 GC heap after
{Heap after GC invocations=2 (full 0):
 garbage-first heap   total 129024K, used 3199K [0x0000000082800000, 0x0000000100000000)
  region size 1024K, 3 young (3072K), 3 survivors (3072K)
 Metaspace       used 5056K, committed 5248K, reserved 1056768K
  class space    used 644K, committed 704K, reserved 1048576K
}
Event: 0.773 GC heap before
{Heap before GC invocations=2 (full 0):
 garbage-first heap   total 129024K, used 76927K [0x0000000082800000, 0x0000000100000000)
  region size 1024K, 75 young (76800K), 3 survivors (3072K)
 Metaspace       used 5078K, committed 5248K, reserved 1056768K
  class space    used 645K, committed 704K, reserved 1048576K
}
Event: 0.775 GC heap after
{Heap after GC invocations=3 (full 0):
 garbage-first heap   total 129024K, used 3197K [0x0000000082800000, 0x0000000100000000)
  region size 1024K, 3 young (3072K), 3 survivors (3072K)
 Metaspace       used 5078K, committed 5248K, reserved 1056768K
  class space    used 645K, committed 704K, reserved 1048576K
}
Event: 0.861 GC heap before
{Heap before GC invocations=3 (full 0):
 garbage-first heap   total 129024K, used 76925K [0x0000000082800000, 0x0000000100000000)
  region size 1024K, 75 young (76800K), 3 survivors (3072K)
 Metaspace       used 5079K, committed 5248K, reserved 1056768K
  class space    used 645K, committed 704K, reserved 1048576K
}
Event: 0.866 GC heap after
{Heap after GC invocations=4 (full 0):
 garbage-first heap   total 129024K, used 3197K [0x0000000082800000, 0x0000000100000000)
  region size 1024K, 3 young (3072K), 3 survivors (3072K)
 Metaspace       used 5079K, committed 5248K, reserved 1056768K
  class space    used 645K, committed 704K, reserved 1048576K
}
Event: 0.923 GC heap before
{Heap before GC invocations=4 (full 0):
 garbage-first heap   total 129024K, used 76925K [0x0000000082800000, 0x0000000100000000)
  region size 1024K, 75 young (76800K), 3 survivors (3072K)
 Metaspace       used 5079K, committed 5248K, reserved 1056768K
  class space    used 645K, committed 704K, reserved 1048576K
}
Event: 0.926 GC heap after
{Heap after GC invocations=5 (full 0):
 garbage-first heap   total 129024K, used 3197K [0x0000000082800000, 0x0000000100000000)
  region size 1024K, 3 young (3072K), 3 survivors (3072K)
 Metaspace       used 5079K, committed 5248K, reserved 1056768K
  class space    used 645K, committed 704K, reserved 1048576K
}
Event: 1.009 GC heap before
{Heap before GC invocations=5 (full 0):
 garbage-first heap   total 129024K, used 76925K [0x0000000082800000, 0x0000000100000000)
  region size 1024K, 75 young (76800K), 3 survivors (3072K)
 Metaspace       used 5079K, committed 5248K, reserved 1056768K
  class space    used 645K, committed 704K, reserved 1048576K
}
Event: 1.012 GC heap after
{Heap after GC invocations=6 (full 0):
 garbage-first heap   total 188416K, used 3072K [0x0000000082800000, 0x0000000100000000)
  region size 1024K, 2 young (2048K), 2 survivors (2048K)
 Metaspace       used 5079K, committed 5248K, reserved 1056768K
  class space    used 645K, committed 704K, reserved 1048576K
}

